<?xml version="1.0" encoding="UTF-8"?>
<testsuite name="org.jggug.magica.akatsuki.MacroUtilsTest" tests="11" skipped="0" failures="0" errors="0" timestamp="2015-12-19T12:19:14" hostname="auxo.local" time="1.474">
  <properties/>
  <testcase name="testDoWithData1" classname="org.jggug.magica.akatsuki.MacroUtilsTest" time="0.65"/>
  <testcase name="testNewTrait1" classname="org.jggug.magica.akatsuki.MacroUtilsTest" time="0.296"/>
  <testcase name="testNewTrait2" classname="org.jggug.magica.akatsuki.MacroUtilsTest" time="0.11"/>
  <testcase name="testDoWhile1" classname="org.jggug.magica.akatsuki.MacroUtilsTest" time="0.06"/>
  <testcase name="testDoWhile2" classname="org.jggug.magica.akatsuki.MacroUtilsTest" time="0.051"/>
  <testcase name="testMatch1" classname="org.jggug.magica.akatsuki.MacroUtilsTest" time="0.048"/>
  <testcase name="testNullSafe1" classname="org.jggug.magica.akatsuki.MacroUtilsTest" time="0.076"/>
  <testcase name="testNullSafe2" classname="org.jggug.magica.akatsuki.MacroUtilsTest" time="0.022"/>
  <testcase name="testNullSafe3" classname="org.jggug.magica.akatsuki.MacroUtilsTest" time="0.053"/>
  <testcase name="testNullSafe4" classname="org.jggug.magica.akatsuki.MacroUtilsTest" time="0.071"/>
  <testcase name="testNullSafe5" classname="org.jggug.magica.akatsuki.MacroUtilsTest" time="0.032"/>
  <system-out><![CDATA[0
0
]]></system-out>
  <system-err><![CDATA[]]></system-err>
</testsuite>
